<?xml version="1.0" encoding="UTF-8"?>
<!-- Generated by org.testng.reporters.JUnitXMLReporter -->
<testsuite ignored="0" hostname="INBOOK_X1_SLIM" failures="0" tests="4" name="Default test" time="28.748" errors="0" timestamp="2025-05-25T03:50:04 IST">
  <testcase classname="dataDrivenTesting.testclass" name="TC01" time="5.596"/>
  <testcase classname="dataDrivenTesting.testclass" name="TC01" time="5.557"/>
  <testcase classname="dataDrivenTesting.testclass" name="TC01" time="5.901"/>
  <testcase classname="dataDrivenTesting.testclass" name="TC01" time="5.557"/>
</testsuite> <!-- Default test -->
