<?xml version="1.0" encoding="UTF-8"?>
<!-- Generated by org.testng.reporters.JUnitXMLReporter -->
<testsuite ignored="1" hostname="INBOOK_X1_SLIM" failures="0" tests="2" name="Test_Block1" time="0.065" errors="0" timestamp="2025-03-08T19:11:31 IST">
  <testcase classname="CROSS_BROWSER_TESTING.Tests" name="TC01" time="0.007"/>
  <testcase classname="CROSS_BROWSER_TESTING.Tests" name="TC02" time="0.002"/>
  <testcase classname="CROSS_BROWSER_TESTING.Tests" name="TC03" time="0.0">
    <ignored/>
  </testcase> <!-- TC03 -->
</testsuite> <!-- Test_Block1 -->
