<?xml version="1.0" encoding="UTF-8"?>
<!-- Generated by org.testng.reporters.JUnitXMLReporter -->
<testsuite ignored="0" hostname="INBOOK_X1_SLIM" failures="0" tests="3" name="Test" time="0.077" errors="0" timestamp="2025-03-08T19:08:42 IST">
  <testcase classname="CROSS_BROWSER_TESTING.Tests" name="TC01" time="0.01"/>
  <testcase classname="CROSS_BROWSER_TESTING.Tests" name="TC02" time="0.003"/>
  <testcase classname="CROSS_BROWSER_TESTING.Tests" name="TC03" time="0.003"/>
</testsuite> <!-- Test -->
