<?xml version="1.0" encoding="UTF-8"?>
<testng-results ignored="0" total="2" passed="2" failed="0" skipped="0">
  <reporter-output>
  </reporter-output>
  <suite started-at="2025-06-27T14:16:02 IST" name="Suite" finished-at="2025-06-27T14:16:21 IST" duration-ms="19776">
    <groups>
    </groups>
    <test started-at="2025-06-27T14:16:02 IST" name="Cross Browser Testing" finished-at="2025-06-27T14:16:21 IST" duration-ms="19776">
      <class name="utility.testclass">
        <test-method is-config="true" signature="setup(java.lang.String)[pri:0, instance:utility.testclass@399f45b1]" started-at="2025-06-27T14:16:02 IST" name="setup" finished-at="2025-06-27T14:16:06 IST" duration-ms="4053" status="PASS">
          <params>
            <param index="0">
              <value>
                <![CDATA[edge]]>
              </value>
            </param>
          </params>
          <reporter-output>
          </reporter-output>
        </test-method> <!-- setup -->
        <test-method signature="TC01_Login_CorrectUser()[pri:0, instance:utility.testclass@399f45b1]" started-at="2025-06-27T14:16:06 IST" name="TC01_Login_CorrectUser" finished-at="2025-06-27T14:16:13 IST" duration-ms="6881" status="PASS">
          <reporter-output>
          </reporter-output>
        </test-method> <!-- TC01_Login_CorrectUser -->
        <test-method is-config="true" signature="teardown()[pri:0, instance:utility.testclass@399f45b1]" started-at="2025-06-27T14:16:13 IST" name="teardown" finished-at="2025-06-27T14:16:13 IST" duration-ms="376" status="PASS">
          <reporter-output>
          </reporter-output>
        </test-method> <!-- teardown -->
        <test-method is-config="true" signature="setup(java.lang.String)[pri:0, instance:utility.testclass@399f45b1]" started-at="2025-06-27T14:16:13 IST" name="setup" finished-at="2025-06-27T14:16:16 IST" duration-ms="2504" status="PASS">
          <params>
            <param index="0">
              <value>
                <![CDATA[edge]]>
              </value>
            </param>
          </params>
          <reporter-output>
          </reporter-output>
        </test-method> <!-- setup -->
        <test-method signature="TC02_Login_InCorrectUser()[pri:0, instance:utility.testclass@399f45b1]" started-at="2025-06-27T14:16:16 IST" name="TC02_Login_InCorrectUser" finished-at="2025-06-27T14:16:21 IST" duration-ms="5464" status="PASS">
          <reporter-output>
          </reporter-output>
        </test-method> <!-- TC02_Login_InCorrectUser -->
        <test-method is-config="true" signature="teardown()[pri:0, instance:utility.testclass@399f45b1]" started-at="2025-06-27T14:16:21 IST" name="teardown" finished-at="2025-06-27T14:16:21 IST" duration-ms="434" status="PASS">
          <reporter-output>
          </reporter-output>
        </test-method> <!-- teardown -->
      </class> <!-- utility.testclass -->
    </test> <!-- Cross Browser Testing -->
  </suite> <!-- Suite -->
</testng-results>
