<?xml version="1.0" encoding="UTF-8"?>
<testng-results ignored="0" total="4" passed="4" failed="0" skipped="0">
  <reporter-output>
  </reporter-output>
  <suite started-at="2025-05-25T03:49:35 IST" name="Default suite" finished-at="2025-05-25T03:50:04 IST" duration-ms="28748">
    <groups>
    </groups>
    <test started-at="2025-05-25T03:49:35 IST" name="Default test" finished-at="2025-05-25T03:50:04 IST" duration-ms="28748">
      <class name="dataDrivenTesting.testclass">
        <test-method is-config="true" signature="setup()[pri:0, instance:dataDrivenTesting.testclass@2e005c4b]" started-at="2025-05-25T03:49:36 IST" name="setup" finished-at="2025-05-25T03:49:37 IST" duration-ms="1485" status="PASS">
          <reporter-output>
          </reporter-output>
        </test-method> <!-- setup -->
        <test-method signature="TC01(java.lang.String,java.lang.String)[pri:0, instance:dataDrivenTesting.testclass@2e005c4b]" started-at="2025-05-25T03:49:37 IST" name="TC01" data-provider="dimio" finished-at="2025-05-25T03:49:43 IST" duration-ms="5596" status="PASS">
          <params>
            <param index="0">
              <value>
                <![CDATA[user1]]>
              </value>
            </param>
            <param index="1">
              <value>
                <![CDATA[pwd1]]>
              </value>
            </param>
          </params>
          <reporter-output>
          </reporter-output>
        </test-method> <!-- TC01 -->
        <test-method is-config="true" signature="teardown()[pri:0, instance:dataDrivenTesting.testclass@2e005c4b]" started-at="2025-05-25T03:49:43 IST" name="teardown" finished-at="2025-05-25T03:49:43 IST" duration-ms="260" status="PASS">
          <reporter-output>
          </reporter-output>
        </test-method> <!-- teardown -->
        <test-method is-config="true" signature="setup()[pri:0, instance:dataDrivenTesting.testclass@2e005c4b]" started-at="2025-05-25T03:49:43 IST" name="setup" finished-at="2025-05-25T03:49:44 IST" duration-ms="995" status="PASS">
          <reporter-output>
          </reporter-output>
        </test-method> <!-- setup -->
        <test-method signature="TC01(java.lang.String,java.lang.String)[pri:0, instance:dataDrivenTesting.testclass@2e005c4b]" started-at="2025-05-25T03:49:44 IST" name="TC01" data-provider="dimio" finished-at="2025-05-25T03:49:50 IST" duration-ms="5557" status="PASS">
          <params>
            <param index="0">
              <value>
                <![CDATA[user2]]>
              </value>
            </param>
            <param index="1">
              <value>
                <![CDATA[pwd2]]>
              </value>
            </param>
          </params>
          <reporter-output>
          </reporter-output>
        </test-method> <!-- TC01 -->
        <test-method is-config="true" signature="teardown()[pri:0, instance:dataDrivenTesting.testclass@2e005c4b]" started-at="2025-05-25T03:49:50 IST" name="teardown" finished-at="2025-05-25T03:49:50 IST" duration-ms="217" status="PASS">
          <reporter-output>
          </reporter-output>
        </test-method> <!-- teardown -->
        <test-method is-config="true" signature="setup()[pri:0, instance:dataDrivenTesting.testclass@2e005c4b]" started-at="2025-05-25T03:49:50 IST" name="setup" finished-at="2025-05-25T03:49:51 IST" duration-ms="969" status="PASS">
          <reporter-output>
          </reporter-output>
        </test-method> <!-- setup -->
        <test-method signature="TC01(java.lang.String,java.lang.String)[pri:0, instance:dataDrivenTesting.testclass@2e005c4b]" started-at="2025-05-25T03:49:51 IST" name="TC01" data-provider="dimio" finished-at="2025-05-25T03:49:57 IST" duration-ms="5901" status="PASS">
          <params>
            <param index="0">
              <value>
                <![CDATA[user3]]>
              </value>
            </param>
            <param index="1">
              <value>
                <![CDATA[pwd3]]>
              </value>
            </param>
          </params>
          <reporter-output>
          </reporter-output>
        </test-method> <!-- TC01 -->
        <test-method is-config="true" signature="teardown()[pri:0, instance:dataDrivenTesting.testclass@2e005c4b]" started-at="2025-05-25T03:49:57 IST" name="teardown" finished-at="2025-05-25T03:49:57 IST" duration-ms="237" status="PASS">
          <reporter-output>
          </reporter-output>
        </test-method> <!-- teardown -->
        <test-method is-config="true" signature="setup()[pri:0, instance:dataDrivenTesting.testclass@2e005c4b]" started-at="2025-05-25T03:49:57 IST" name="setup" finished-at="2025-05-25T03:49:58 IST" duration-ms="937" status="PASS">
          <reporter-output>
          </reporter-output>
        </test-method> <!-- setup -->
        <test-method signature="TC01(java.lang.String,java.lang.String)[pri:0, instance:dataDrivenTesting.testclass@2e005c4b]" started-at="2025-05-25T03:49:58 IST" name="TC01" data-provider="dimio" finished-at="2025-05-25T03:50:03 IST" duration-ms="5557" status="PASS">
          <params>
            <param index="0">
              <value>
                <![CDATA[user4]]>
              </value>
            </param>
            <param index="1">
              <value>
                <![CDATA[pwd4]]>
              </value>
            </param>
          </params>
          <reporter-output>
          </reporter-output>
        </test-method> <!-- TC01 -->
        <test-method is-config="true" signature="teardown()[pri:0, instance:dataDrivenTesting.testclass@2e005c4b]" started-at="2025-05-25T03:50:03 IST" name="teardown" finished-at="2025-05-25T03:50:04 IST" duration-ms="262" status="PASS">
          <reporter-output>
          </reporter-output>
        </test-method> <!-- teardown -->
      </class> <!-- dataDrivenTesting.testclass -->
    </test> <!-- Default test -->
  </suite> <!-- Default suite -->
</testng-results>
