<?xml version="1.0" encoding="UTF-8"?>
<testng-results ignored="0" total="2" passed="2" failed="0" skipped="0">
  <reporter-output>
  </reporter-output>
  <suite started-at="2025-06-27T13:47:20 IST" name="Suite" finished-at="2025-06-27T13:47:38 IST" duration-ms="17934">
    <groups>
    </groups>
    <test started-at="2025-06-27T13:47:20 IST" name="Cross Browser Testing" finished-at="2025-06-27T13:47:38 IST" duration-ms="17934">
      <class name="utility.testclass">
        <test-method is-config="true" signature="setup(java.lang.String)[pri:0, instance:utility.testclass@2a798d51]" started-at="2025-06-27T13:47:20 IST" name="setup" finished-at="2025-06-27T13:47:24 IST" duration-ms="3444" status="PASS">
          <params>
            <param index="0">
              <value>
                <![CDATA[edge]]>
              </value>
            </param>
          </params>
          <reporter-output>
          </reporter-output>
        </test-method> <!-- setup -->
        <test-method signature="TC01_Login_CorrectUser()[pri:0, instance:utility.testclass@2a798d51]" started-at="2025-06-27T13:47:24 IST" name="TC01_Login_CorrectUser" finished-at="2025-06-27T13:47:30 IST" duration-ms="6461" status="PASS">
          <reporter-output>
          </reporter-output>
        </test-method> <!-- TC01_Login_CorrectUser -->
        <test-method is-config="true" signature="teardown()[pri:0, instance:utility.testclass@2a798d51]" started-at="2025-06-27T13:47:30 IST" name="teardown" finished-at="2025-06-27T13:47:31 IST" duration-ms="541" status="PASS">
          <reporter-output>
          </reporter-output>
        </test-method> <!-- teardown -->
        <test-method is-config="true" signature="setup(java.lang.String)[pri:0, instance:utility.testclass@2a798d51]" started-at="2025-06-27T13:47:31 IST" name="setup" finished-at="2025-06-27T13:47:32 IST" duration-ms="1691" status="PASS">
          <params>
            <param index="0">
              <value>
                <![CDATA[edge]]>
              </value>
            </param>
          </params>
          <reporter-output>
          </reporter-output>
        </test-method> <!-- setup -->
        <test-method signature="TC02_Login_InCorrectUser()[pri:0, instance:utility.testclass@2a798d51]" started-at="2025-06-27T13:47:32 IST" name="TC02_Login_InCorrectUser" finished-at="2025-06-27T13:47:38 IST" duration-ms="5385" status="PASS">
          <reporter-output>
          </reporter-output>
        </test-method> <!-- TC02_Login_InCorrectUser -->
        <test-method is-config="true" signature="teardown()[pri:0, instance:utility.testclass@2a798d51]" started-at="2025-06-27T13:47:38 IST" name="teardown" finished-at="2025-06-27T13:47:38 IST" duration-ms="348" status="PASS">
          <reporter-output>
          </reporter-output>
        </test-method> <!-- teardown -->
      </class> <!-- utility.testclass -->
    </test> <!-- Cross Browser Testing -->
  </suite> <!-- Suite -->
</testng-results>
